{"/home/ubuntu/gyul_hap_full_stack_wcag_project/backend/server.js": {"path":"/home/ubuntu/gyul_hap_full_stack_wcag_project/backend/server.js","statementMap":{"0":{"start":{"line":3,"column":0},"end":{"line":3,"column":27}},"1":{"start":{"line":5,"column":16},"end":{"line":5,"column":34}},"2":{"start":{"line":6,"column":13},"end":{"line":6,"column":28}},"3":{"start":{"line":7,"column":19},"end":{"line":7,"column":39}},"4":{"start":{"line":8,"column":13},"end":{"line":8,"column":28}},"5":{"start":{"line":9,"column":11},"end":{"line":9,"column":34}},"6":{"start":{"line":12,"column":19},"end":{"line":12,"column":57}},"7":{"start":{"line":13,"column":20},"end":{"line":13,"column":59}},"8":{"start":{"line":14,"column":29},"end":{"line":14,"column":77}},"9":{"start":{"line":15,"column":19},"end":{"line":15,"column":57}},"10":{"start":{"line":18,"column":12},"end":{"line":18,"column":21}},"11":{"start":{"line":21,"column":0},"end":{"line":21,"column":16}},"12":{"start":{"line":22,"column":0},"end":{"line":22,"column":24}},"13":{"start":{"line":23,"column":0},"end":{"line":23,"column":48}},"14":{"start":{"line":26,"column":0},"end":{"line":26,"column":33}},"15":{"start":{"line":27,"column":0},"end":{"line":27,"column":36}},"16":{"start":{"line":28,"column":0},"end":{"line":28,"column":54}},"17":{"start":{"line":29,"column":0},"end":{"line":29,"column":34}},"18":{"start":{"line":32,"column":0},"end":{"line":34,"column":3}},"19":{"start":{"line":33,"column":2},"end":{"line":33,"column":60}},"20":{"start":{"line":37,"column":19},"end":{"line":37,"column":41}},"21":{"start":{"line":38,"column":11},"end":{"line":43,"column":2}},"22":{"start":{"line":46,"column":0},"end":{"line":78,"column":3}},"23":{"start":{"line":47,"column":2},"end":{"line":47,"column":48}},"24":{"start":{"line":49,"column":2},"end":{"line":54,"column":5}},"25":{"start":{"line":50,"column":21},"end":{"line":50,"column":77}},"26":{"start":{"line":51,"column":4},"end":{"line":51,"column":71}},"27":{"start":{"line":52,"column":4},"end":{"line":52,"column":26}},"28":{"start":{"line":53,"column":4},"end":{"line":53,"column":41}},"29":{"start":{"line":56,"column":2},"end":{"line":68,"column":5}},"30":{"start":{"line":57,"column":17},"end":{"line":57,"column":55}},"31":{"start":{"line":58,"column":4},"end":{"line":67,"column":5}},"32":{"start":{"line":59,"column":6},"end":{"line":59,"column":28}},"33":{"start":{"line":60,"column":6},"end":{"line":60,"column":58}},"34":{"start":{"line":61,"column":6},"end":{"line":61,"column":94}},"35":{"start":{"line":62,"column":6},"end":{"line":62,"column":69}},"36":{"start":{"line":63,"column":11},"end":{"line":67,"column":5}},"37":{"start":{"line":64,"column":6},"end":{"line":64,"column":61}},"38":{"start":{"line":66,"column":6},"end":{"line":66,"column":63}},"39":{"start":{"line":70,"column":2},"end":{"line":73,"column":5}},"40":{"start":{"line":71,"column":4},"end":{"line":71,"column":72}},"41":{"start":{"line":72,"column":4},"end":{"line":72,"column":100}},"42":{"start":{"line":75,"column":2},"end":{"line":77,"column":5}},"43":{"start":{"line":76,"column":4},"end":{"line":76,"column":53}},"44":{"start":{"line":81,"column":13},"end":{"line":81,"column":37}},"45":{"start":{"line":84,"column":0},"end":{"line":96,"column":1}},"46":{"start":{"line":85,"column":2},"end":{"line":95,"column":7}},"47":{"start":{"line":87,"column":6},"end":{"line":87,"column":44}},"48":{"start":{"line":88,"column":6},"end":{"line":91,"column":9}},"49":{"start":{"line":89,"column":8},"end":{"line":89,"column":58}},"50":{"start":{"line":90,"column":8},"end":{"line":90,"column":60}},"51":{"start":{"line":94,"column":6},"end":{"line":94,"column":54}},"52":{"start":{"line":98,"column":0},"end":{"line":98,"column":41}}},"fnMap":{"0":{"name":"(anonymous_0)","decl":{"start":{"line":32,"column":13},"end":{"line":32,"column":14}},"loc":{"start":{"line":32,"column":27},"end":{"line":34,"column":1}},"line":32},"1":{"name":"(anonymous_1)","decl":{"start":{"line":46,"column":20},"end":{"line":46,"column":21}},"loc":{"start":{"line":46,"column":32},"end":{"line":78,"column":1}},"line":46},"2":{"name":"(anonymous_2)","decl":{"start":{"line":49,"column":27},"end":{"line":49,"column":28}},"loc":{"start":{"line":49,"column":47},"end":{"line":54,"column":3}},"line":49},"3":{"name":"(anonymous_3)","decl":{"start":{"line":56,"column":25},"end":{"line":56,"column":26}},"loc":{"start":{"line":56,"column":49},"end":{"line":68,"column":3}},"line":56},"4":{"name":"(anonymous_4)","decl":{"start":{"line":70,"column":29},"end":{"line":70,"column":30}},"loc":{"start":{"line":70,"column":39},"end":{"line":73,"column":3}},"line":70},"5":{"name":"(anonymous_5)","decl":{"start":{"line":75,"column":26},"end":{"line":75,"column":27}},"loc":{"start":{"line":75,"column":32},"end":{"line":77,"column":3}},"line":75},"6":{"name":"(anonymous_6)","decl":{"start":{"line":86,"column":10},"end":{"line":86,"column":11}},"loc":{"start":{"line":86,"column":16},"end":{"line":92,"column":5}},"line":86},"7":{"name":"(anonymous_7)","decl":{"start":{"line":88,"column":30},"end":{"line":88,"column":31}},"loc":{"start":{"line":88,"column":36},"end":{"line":91,"column":7}},"line":88},"8":{"name":"(anonymous_8)","decl":{"start":{"line":93,"column":11},"end":{"line":93,"column":12}},"loc":{"start":{"line":93,"column":20},"end":{"line":95,"column":5}},"line":93}},"branchMap":{"0":{"loc":{"start":{"line":40,"column":12},"end":{"line":40,"column":63}},"type":"binary-expr","locations":[{"start":{"line":40,"column":12},"end":{"line":40,"column":36}},{"start":{"line":40,"column":40},"end":{"line":40,"column":63}}],"line":40},"1":{"loc":{"start":{"line":58,"column":4},"end":{"line":67,"column":5}},"type":"if","locations":[{"start":{"line":58,"column":4},"end":{"line":67,"column":5}},{"start":{"line":63,"column":11},"end":{"line":67,"column":5}}],"line":58},"2":{"loc":{"start":{"line":58,"column":8},"end":{"line":58,"column":29}},"type":"binary-expr","locations":[{"start":{"line":58,"column":8},"end":{"line":58,"column":12}},{"start":{"line":58,"column":16},"end":{"line":58,"column":29}}],"line":58},"3":{"loc":{"start":{"line":63,"column":11},"end":{"line":67,"column":5}},"type":"if","locations":[{"start":{"line":63,"column":11},"end":{"line":67,"column":5}},{"start":{"line":65,"column":11},"end":{"line":67,"column":5}}],"line":63},"4":{"loc":{"start":{"line":63,"column":15},"end":{"line":63,"column":37}},"type":"binary-expr","locations":[{"start":{"line":63,"column":15},"end":{"line":63,"column":19}},{"start":{"line":63,"column":23},"end":{"line":63,"column":37}}],"line":63},"5":{"loc":{"start":{"line":81,"column":13},"end":{"line":81,"column":37}},"type":"binary-expr","locations":[{"start":{"line":81,"column":13},"end":{"line":81,"column":29}},{"start":{"line":81,"column":33},"end":{"line":81,"column":37}}],"line":81},"6":{"loc":{"start":{"line":84,"column":0},"end":{"line":96,"column":1}},"type":"if","locations":[{"start":{"line":84,"column":0},"end":{"line":96,"column":1}},{"start":{},"end":{}}],"line":84}},"s":{"0":2,"1":2,"2":2,"3":2,"4":2,"5":2,"6":2,"7":2,"8":2,"9":2,"10":2,"11":2,"12":2,"13":2,"14":2,"15":2,"16":2,"17":2,"18":2,"19":0,"20":2,"21":2,"22":2,"23":0,"24":0,"25":0,"26":0,"27":0,"28":0,"29":0,"30":0,"31":0,"32":0,"33":0,"34":0,"35":0,"36":0,"37":0,"38":0,"39":0,"40":0,"41":0,"42":0,"43":0,"44":2,"45":2,"46":0,"47":0,"48":0,"49":0,"50":0,"51":0,"52":2},"f":{"0":0,"1":0,"2":0,"3":0,"4":0,"5":0,"6":0,"7":0,"8":0},"b":{"0":[2,2],"1":[0,0],"2":[0,0],"3":[0,0],"4":[0,0],"5":[2,2],"6":[0,2]},"_coverageSchema":"1a1c01bbd47fc00a2c39e90264f33305004495a9","hash":"f4aa4a37e6f67043c4067419c3c351267857b82d"}
,"/home/ubuntu/gyul_hap_full_stack_wcag_project/backend/src/api/controllers/authController.js": {"path":"/home/ubuntu/gyul_hap_full_stack_wcag_project/backend/src/api/controllers/authController.js","statementMap":{"0":{"start":{"line":3,"column":15},"end":{"line":3,"column":34}},"1":{"start":{"line":4,"column":12},"end":{"line":4,"column":35}},"2":{"start":{"line":5,"column":17},"end":{"line":5,"column":40}},"3":{"start":{"line":8,"column":28},"end":{"line":10,"column":1}},"4":{"start":{"line":9,"column":2},"end":{"line":9,"column":145}},"5":{"start":{"line":12,"column":29},"end":{"line":14,"column":1}},"6":{"start":{"line":13,"column":2},"end":{"line":13,"column":127}},"7":{"start":{"line":16,"column":0},"end":{"line":39,"column":2}},"8":{"start":{"line":17,"column":40},"end":{"line":17,"column":48}},"9":{"start":{"line":18,"column":2},"end":{"line":38,"column":3}},"10":{"start":{"line":19,"column":15},"end":{"line":19,"column":58}},"11":{"start":{"line":20,"column":4},"end":{"line":22,"column":5}},"12":{"start":{"line":21,"column":6},"end":{"line":21,"column":84}},"13":{"start":{"line":23,"column":4},"end":{"line":28,"column":5}},"14":{"start":{"line":24,"column":8},"end":{"line":24,"column":56}},"15":{"start":{"line":25,"column":8},"end":{"line":27,"column":9}},"16":{"start":{"line":26,"column":12},"end":{"line":26,"column":87}},"17":{"start":{"line":29,"column":4},"end":{"line":29,"column":68}},"18":{"start":{"line":30,"column":4},"end":{"line":30,"column":22}},"19":{"start":{"line":33,"column":4},"end":{"line":33,"column":70}},"20":{"start":{"line":36,"column":4},"end":{"line":36,"column":50}},"21":{"start":{"line":37,"column":4},"end":{"line":37,"column":41}},"22":{"start":{"line":41,"column":0},"end":{"line":100,"column":2}},"23":{"start":{"line":42,"column":40},"end":{"line":42,"column":48}},"24":{"start":{"line":43,"column":21},"end":{"line":43,"column":53}},"25":{"start":{"line":45,"column":2},"end":{"line":99,"column":3}},"26":{"start":{"line":46,"column":17},"end":{"line":46,"column":58}},"27":{"start":{"line":47,"column":4},"end":{"line":49,"column":5}},"28":{"start":{"line":48,"column":6},"end":{"line":48,"column":70}},"29":{"start":{"line":51,"column":20},"end":{"line":51,"column":54}},"30":{"start":{"line":52,"column":4},"end":{"line":54,"column":5}},"31":{"start":{"line":53,"column":6},"end":{"line":53,"column":70}},"32":{"start":{"line":57,"column":4},"end":{"line":65,"column":5}},"33":{"start":{"line":60,"column":8},"end":{"line":64,"column":11}},"34":{"start":{"line":67,"column":24},"end":{"line":67,"column":49}},"35":{"start":{"line":68,"column":25},"end":{"line":68,"column":51}},"36":{"start":{"line":74,"column":4},"end":{"line":80,"column":7}},"37":{"start":{"line":82,"column":4},"end":{"line":88,"column":7}},"38":{"start":{"line":90,"column":4},"end":{"line":94,"column":7}},"39":{"start":{"line":97,"column":4},"end":{"line":97,"column":47}},"40":{"start":{"line":98,"column":4},"end":{"line":98,"column":41}},"41":{"start":{"line":102,"column":0},"end":{"line":112,"column":2}},"42":{"start":{"line":103,"column":2},"end":{"line":111,"column":3}},"43":{"start":{"line":104,"column":4},"end":{"line":104,"column":50}},"44":{"start":{"line":105,"column":4},"end":{"line":105,"column":73}},"45":{"start":{"line":107,"column":4},"end":{"line":107,"column":65}},"46":{"start":{"line":109,"column":4},"end":{"line":109,"column":42}},"47":{"start":{"line":110,"column":4},"end":{"line":110,"column":58}},"48":{"start":{"line":114,"column":0},"end":{"line":140,"column":2}},"49":{"start":{"line":115,"column":27},"end":{"line":115,"column":38}},"50":{"start":{"line":116,"column":2},"end":{"line":118,"column":3}},"51":{"start":{"line":117,"column":4},"end":{"line":117,"column":75}},"52":{"start":{"line":120,"column":2},"end":{"line":139,"column":3}},"53":{"start":{"line":121,"column":20},"end":{"line":121,"column":105}},"54":{"start":{"line":122,"column":17},"end":{"line":122,"column":53}},"55":{"start":{"line":124,"column":4},"end":{"line":126,"column":5}},"56":{"start":{"line":125,"column":6},"end":{"line":125,"column":73}},"57":{"start":{"line":128,"column":27},"end":{"line":128,"column":52}},"58":{"start":{"line":129,"column":4},"end":{"line":134,"column":7}},"59":{"start":{"line":135,"column":4},"end":{"line":135,"column":77}},"60":{"start":{"line":137,"column":4},"end":{"line":137,"column":55}},"61":{"start":{"line":138,"column":4},"end":{"line":138,"column":113}},"62":{"start":{"line":143,"column":25},"end":{"line":143,"column":67}},"63":{"start":{"line":145,"column":0},"end":{"line":160,"column":2}},"64":{"start":{"line":146,"column":2},"end":{"line":159,"column":3}},"65":{"start":{"line":147,"column":19},"end":{"line":147,"column":30}},"66":{"start":{"line":148,"column":17},"end":{"line":148,"column":44}},"67":{"start":{"line":149,"column":4},"end":{"line":149,"column":74}},"68":{"start":{"line":149,"column":15},"end":{"line":149,"column":74}},"69":{"start":{"line":151,"column":50},"end":{"line":151,"column":108}},"70":{"start":{"line":152,"column":4},"end":{"line":152,"column":38}},"71":{"start":{"line":153,"column":4},"end":{"line":153,"column":22}},"72":{"start":{"line":155,"column":4},"end":{"line":155,"column":52}},"73":{"start":{"line":157,"column":4},"end":{"line":157,"column":45}},"74":{"start":{"line":158,"column":4},"end":{"line":158,"column":84}},"75":{"start":{"line":162,"column":0},"end":{"line":189,"column":2}},"76":{"start":{"line":163,"column":24},"end":{"line":163,"column":32}},"77":{"start":{"line":164,"column":17},"end":{"line":164,"column":28}},"78":{"start":{"line":166,"column":2},"end":{"line":188,"column":3}},"79":{"start":{"line":167,"column":17},"end":{"line":167,"column":44}},"80":{"start":{"line":168,"column":4},"end":{"line":170,"column":5}},"81":{"start":{"line":169,"column":6},"end":{"line":169,"column":93}},"82":{"start":{"line":172,"column":20},"end":{"line":172,"column":84}},"83":{"start":{"line":173,"column":4},"end":{"line":175,"column":5}},"84":{"start":{"line":174,"column":6},"end":{"line":174,"column":70}},"85":{"start":{"line":177,"column":4},"end":{"line":177,"column":52}},"86":{"start":{"line":178,"column":4},"end":{"line":178,"column":36}},"87":{"start":{"line":179,"column":4},"end":{"line":179,"column":35}},"88":{"start":{"line":180,"column":26},"end":{"line":180,"column":66}},"89":{"start":{"line":181,"column":4},"end":{"line":181,"column":39}},"90":{"start":{"line":182,"column":4},"end":{"line":182,"column":22}},"91":{"start":{"line":184,"column":4},"end":{"line":184,"column":105}},"92":{"start":{"line":186,"column":4},"end":{"line":186,"column":52}},"93":{"start":{"line":187,"column":4},"end":{"line":187,"column":89}},"94":{"start":{"line":191,"column":0},"end":{"line":219,"column":2}},"95":{"start":{"line":192,"column":32},"end":{"line":192,"column":40}},"96":{"start":{"line":193,"column":2},"end":{"line":218,"column":3}},"97":{"start":{"line":194,"column":17},"end":{"line":194,"column":44}},"98":{"start":{"line":195,"column":4},"end":{"line":197,"column":5}},"99":{"start":{"line":196,"column":6},"end":{"line":196,"column":99}},"100":{"start":{"line":199,"column":20},"end":{"line":199,"column":80}},"101":{"start":{"line":200,"column":4},"end":{"line":202,"column":5}},"102":{"start":{"line":201,"column":6},"end":{"line":201,"column":70}},"103":{"start":{"line":205,"column":24},"end":{"line":205,"column":49}},"104":{"start":{"line":206,"column":25},"end":{"line":206,"column":51}},"105":{"start":{"line":208,"column":4},"end":{"line":208,"column":141}},"106":{"start":{"line":209,"column":4},"end":{"line":209,"column":165}},"107":{"start":{"line":211,"column":4},"end":{"line":214,"column":7}},"108":{"start":{"line":216,"column":4},"end":{"line":216,"column":52}},"109":{"start":{"line":217,"column":4},"end":{"line":217,"column":95}},"110":{"start":{"line":221,"column":0},"end":{"line":238,"column":2}},"111":{"start":{"line":222,"column":17},"end":{"line":222,"column":28}},"112":{"start":{"line":223,"column":2},"end":{"line":237,"column":3}},"113":{"start":{"line":224,"column":17},"end":{"line":224,"column":44}},"114":{"start":{"line":225,"column":4},"end":{"line":225,"column":74}},"115":{"start":{"line":225,"column":15},"end":{"line":225,"column":74}},"116":{"start":{"line":227,"column":4},"end":{"line":227,"column":36}},"117":{"start":{"line":228,"column":4},"end":{"line":228,"column":32}},"118":{"start":{"line":229,"column":4},"end":{"line":229,"column":36}},"119":{"start":{"line":230,"column":4},"end":{"line":230,"column":30}},"120":{"start":{"line":231,"column":4},"end":{"line":231,"column":22}},"121":{"start":{"line":233,"column":4},"end":{"line":233,"column":65}},"122":{"start":{"line":235,"column":4},"end":{"line":235,"column":47}},"123":{"start":{"line":236,"column":4},"end":{"line":236,"column":83}},"124":{"start":{"line":240,"column":0},"end":{"line":256,"column":2}},"125":{"start":{"line":241,"column":19},"end":{"line":241,"column":30}},"126":{"start":{"line":242,"column":4},"end":{"line":255,"column":5}},"127":{"start":{"line":243,"column":21},"end":{"line":243,"column":48}},"128":{"start":{"line":244,"column":8},"end":{"line":246,"column":9}},"129":{"start":{"line":245,"column":12},"end":{"line":245,"column":91}},"130":{"start":{"line":248,"column":30},"end":{"line":248,"column":70}},"131":{"start":{"line":249,"column":8},"end":{"line":249,"column":43}},"132":{"start":{"line":250,"column":8},"end":{"line":250,"column":26}},"133":{"start":{"line":251,"column":8},"end":{"line":251,"column":36}},"134":{"start":{"line":253,"column":8},"end":{"line":253,"column":58}},"135":{"start":{"line":254,"column":8},"end":{"line":254,"column":103}},"136":{"start":{"line":258,"column":0},"end":{"line":290,"column":2}},"137":{"start":{"line":259,"column":37},"end":{"line":259,"column":45}},"138":{"start":{"line":260,"column":4},"end":{"line":289,"column":5}},"139":{"start":{"line":261,"column":21},"end":{"line":261,"column":48}},"140":{"start":{"line":262,"column":8},"end":{"line":264,"column":9}},"141":{"start":{"line":263,"column":12},"end":{"line":263,"column":115}},"142":{"start":{"line":266,"column":24},"end":{"line":266,"column":99}},"143":{"start":{"line":267,"column":8},"end":{"line":269,"column":9}},"144":{"start":{"line":268,"column":12},"end":{"line":268,"column":79}},"145":{"start":{"line":273,"column":8},"end":{"line":273,"column":105}},"146":{"start":{"line":273,"column":61},"end":{"line":273,"column":103}},"147":{"start":{"line":274,"column":8},"end":{"line":274,"column":26}},"148":{"start":{"line":276,"column":28},"end":{"line":276,"column":53}},"149":{"start":{"line":277,"column":29},"end":{"line":277,"column":55}},"150":{"start":{"line":278,"column":8},"end":{"line":278,"column":145}},"151":{"start":{"line":279,"column":8},"end":{"line":279,"column":169}},"152":{"start":{"line":281,"column":8},"end":{"line":284,"column":11}},"153":{"start":{"line":287,"column":8},"end":{"line":287,"column":60}},"154":{"start":{"line":288,"column":8},"end":{"line":288,"column":97}}},"fnMap":{"0":{"name":"(anonymous_0)","decl":{"start":{"line":8,"column":28},"end":{"line":8,"column":29}},"loc":{"start":{"line":8,"column":38},"end":{"line":10,"column":1}},"line":8},"1":{"name":"(anonymous_1)","decl":{"start":{"line":12,"column":29},"end":{"line":12,"column":30}},"loc":{"start":{"line":12,"column":39},"end":{"line":14,"column":1}},"line":12},"2":{"name":"(anonymous_2)","decl":{"start":{"line":16,"column":23},"end":{"line":16,"column":24}},"loc":{"start":{"line":16,"column":43},"end":{"line":39,"column":1}},"line":16},"3":{"name":"(anonymous_3)","decl":{"start":{"line":41,"column":20},"end":{"line":41,"column":21}},"loc":{"start":{"line":41,"column":40},"end":{"line":100,"column":1}},"line":41},"4":{"name":"(anonymous_4)","decl":{"start":{"line":102,"column":21},"end":{"line":102,"column":22}},"loc":{"start":{"line":102,"column":35},"end":{"line":112,"column":1}},"line":102},"5":{"name":"(anonymous_5)","decl":{"start":{"line":114,"column":23},"end":{"line":114,"column":24}},"loc":{"start":{"line":114,"column":43},"end":{"line":140,"column":1}},"line":114},"6":{"name":"(anonymous_6)","decl":{"start":{"line":145,"column":29},"end":{"line":145,"column":30}},"loc":{"start":{"line":145,"column":49},"end":{"line":160,"column":1}},"line":145},"7":{"name":"(anonymous_7)","decl":{"start":{"line":162,"column":31},"end":{"line":162,"column":32}},"loc":{"start":{"line":162,"column":51},"end":{"line":189,"column":1}},"line":162},"8":{"name":"(anonymous_8)","decl":{"start":{"line":191,"column":32},"end":{"line":191,"column":33}},"loc":{"start":{"line":191,"column":52},"end":{"line":219,"column":1}},"line":191},"9":{"name":"(anonymous_9)","decl":{"start":{"line":221,"column":31},"end":{"line":221,"column":32}},"loc":{"start":{"line":221,"column":51},"end":{"line":238,"column":1}},"line":221},"10":{"name":"(anonymous_10)","decl":{"start":{"line":240,"column":27},"end":{"line":240,"column":28}},"loc":{"start":{"line":240,"column":47},"end":{"line":256,"column":1}},"line":240},"11":{"name":"(anonymous_11)","decl":{"start":{"line":258,"column":29},"end":{"line":258,"column":30}},"loc":{"start":{"line":258,"column":49},"end":{"line":290,"column":1}},"line":258},"12":{"name":"(anonymous_12)","decl":{"start":{"line":273,"column":55},"end":{"line":273,"column":56}},"loc":{"start":{"line":273,"column":61},"end":{"line":273,"column":103}},"line":273}},"branchMap":{"0":{"loc":{"start":{"line":9,"column":64},"end":{"line":9,"column":121}},"type":"binary-expr","locations":[{"start":{"line":9,"column":64},"end":{"line":9,"column":93}},{"start":{"line":9,"column":97},"end":{"line":9,"column":121}}],"line":9},"1":{"loc":{"start":{"line":13,"column":45},"end":{"line":13,"column":104}},"type":"binary-expr","locations":[{"start":{"line":13,"column":45},"end":{"line":13,"column":75}},{"start":{"line":13,"column":79},"end":{"line":13,"column":104}}],"line":13},"2":{"loc":{"start":{"line":20,"column":4},"end":{"line":22,"column":5}},"type":"if","locations":[{"start":{"line":20,"column":4},"end":{"line":22,"column":5}},{"start":{},"end":{}}],"line":20},"3":{"loc":{"start":{"line":23,"column":4},"end":{"line":28,"column":5}},"type":"if","locations":[{"start":{"line":23,"column":4},"end":{"line":28,"column":5}},{"start":{},"end":{}}],"line":23},"4":{"loc":{"start":{"line":25,"column":8},"end":{"line":27,"column":9}},"type":"if","locations":[{"start":{"line":25,"column":8},"end":{"line":27,"column":9}},{"start":{},"end":{}}],"line":25},"5":{"loc":{"start":{"line":43,"column":21},"end":{"line":43,"column":53}},"type":"cond-expr","locations":[{"start":{"line":43,"column":29},"end":{"line":43,"column":38}},{"start":{"line":43,"column":41},"end":{"line":43,"column":53}}],"line":43},"6":{"loc":{"start":{"line":47,"column":4},"end":{"line":49,"column":5}},"type":"if","locations":[{"start":{"line":47,"column":4},"end":{"line":49,"column":5}},{"start":{},"end":{}}],"line":47},"7":{"loc":{"start":{"line":52,"column":4},"end":{"line":54,"column":5}},"type":"if","locations":[{"start":{"line":52,"column":4},"end":{"line":54,"column":5}},{"start":{},"end":{}}],"line":52},"8":{"loc":{"start":{"line":57,"column":4},"end":{"line":65,"column":5}},"type":"if","locations":[{"start":{"line":57,"column":4},"end":{"line":65,"column":5}},{"start":{},"end":{}}],"line":57},"9":{"loc":{"start":{"line":116,"column":2},"end":{"line":118,"column":3}},"type":"if","locations":[{"start":{"line":116,"column":2},"end":{"line":118,"column":3}},{"start":{},"end":{}}],"line":116},"10":{"loc":{"start":{"line":121,"column":45},"end":{"line":121,"column":104}},"type":"binary-expr","locations":[{"start":{"line":121,"column":45},"end":{"line":121,"column":75}},{"start":{"line":121,"column":79},"end":{"line":121,"column":104}}],"line":121},"11":{"loc":{"start":{"line":124,"column":4},"end":{"line":126,"column":5}},"type":"if","locations":[{"start":{"line":124,"column":4},"end":{"line":126,"column":5}},{"start":{},"end":{}}],"line":124},"12":{"loc":{"start":{"line":149,"column":4},"end":{"line":149,"column":74}},"type":"if","locations":[{"start":{"line":149,"column":4},"end":{"line":149,"column":74}},{"start":{},"end":{}}],"line":149},"13":{"loc":{"start":{"line":168,"column":4},"end":{"line":170,"column":5}},"type":"if","locations":[{"start":{"line":168,"column":4},"end":{"line":170,"column":5}},{"start":{},"end":{}}],"line":168},"14":{"loc":{"start":{"line":168,"column":8},"end":{"line":168,"column":42}},"type":"binary-expr","locations":[{"start":{"line":168,"column":8},"end":{"line":168,"column":13}},{"start":{"line":168,"column":17},"end":{"line":168,"column":42}}],"line":168},"15":{"loc":{"start":{"line":173,"column":4},"end":{"line":175,"column":5}},"type":"if","locations":[{"start":{"line":173,"column":4},"end":{"line":175,"column":5}},{"start":{},"end":{}}],"line":173},"16":{"loc":{"start":{"line":195,"column":4},"end":{"line":197,"column":5}},"type":"if","locations":[{"start":{"line":195,"column":4},"end":{"line":197,"column":5}},{"start":{},"end":{}}],"line":195},"17":{"loc":{"start":{"line":195,"column":8},"end":{"line":195,"column":66}},"type":"binary-expr","locations":[{"start":{"line":195,"column":8},"end":{"line":195,"column":13}},{"start":{"line":195,"column":17},"end":{"line":195,"column":41}},{"start":{"line":195,"column":45},"end":{"line":195,"column":66}}],"line":195},"18":{"loc":{"start":{"line":200,"column":4},"end":{"line":202,"column":5}},"type":"if","locations":[{"start":{"line":200,"column":4},"end":{"line":202,"column":5}},{"start":{},"end":{}}],"line":200},"19":{"loc":{"start":{"line":225,"column":4},"end":{"line":225,"column":74}},"type":"if","locations":[{"start":{"line":225,"column":4},"end":{"line":225,"column":74}},{"start":{},"end":{}}],"line":225},"20":{"loc":{"start":{"line":244,"column":8},"end":{"line":246,"column":9}},"type":"if","locations":[{"start":{"line":244,"column":8},"end":{"line":246,"column":9}},{"start":{},"end":{}}],"line":244},"21":{"loc":{"start":{"line":244,"column":12},"end":{"line":244,"column":45}},"type":"binary-expr","locations":[{"start":{"line":244,"column":12},"end":{"line":244,"column":17}},{"start":{"line":244,"column":21},"end":{"line":244,"column":45}}],"line":244},"22":{"loc":{"start":{"line":262,"column":8},"end":{"line":264,"column":9}},"type":"if","locations":[{"start":{"line":262,"column":8},"end":{"line":264,"column":9}},{"start":{},"end":{}}],"line":262},"23":{"loc":{"start":{"line":262,"column":12},"end":{"line":262,"column":68}},"type":"binary-expr","locations":[{"start":{"line":262,"column":12},"end":{"line":262,"column":17}},{"start":{"line":262,"column":21},"end":{"line":262,"column":45}},{"start":{"line":262,"column":49},"end":{"line":262,"column":68}}],"line":262},"24":{"loc":{"start":{"line":267,"column":8},"end":{"line":269,"column":9}},"type":"if","locations":[{"start":{"line":267,"column":8},"end":{"line":269,"column":9}},{"start":{},"end":{}}],"line":267}},"s":{"0":2,"1":2,"2":2,"3":2,"4":1,"5":2,"6":1,"7":2,"8":14,"9":14,"10":14,"11":14,"12":1,"13":13,"14":13,"15":13,"16":1,"17":12,"18":12,"19":12,"20":0,"21":0,"22":2,"23":3,"24":3,"25":3,"26":3,"27":3,"28":1,"29":2,"30":2,"31":1,"32":1,"33":0,"34":1,"35":1,"36":1,"37":1,"38":1,"39":0,"40":0,"41":2,"42":0,"43":0,"44":0,"45":0,"46":0,"47":0,"48":2,"49":0,"50":0,"51":0,"52":0,"53":0,"54":0,"55":0,"56":0,"57":0,"58":0,"59":0,"60":0,"61":0,"62":2,"63":2,"64":0,"65":0,"66":0,"67":0,"68":0,"69":0,"70":0,"71":0,"72":0,"73":0,"74":0,"75":2,"76":0,"77":0,"78":0,"79":0,"80":0,"81":0,"82":0,"83":0,"84":0,"85":0,"86":0,"87":0,"88":0,"89":0,"90":0,"91":0,"92":0,"93":0,"94":2,"95":0,"96":0,"97":0,"98":0,"99":0,"100":0,"101":0,"102":0,"103":0,"104":0,"105":0,"106":0,"107":0,"108":0,"109":0,"110":2,"111":0,"112":0,"113":0,"114":0,"115":0,"116":0,"117":0,"118":0,"119":0,"120":0,"121":0,"122":0,"123":0,"124":2,"125":0,"126":0,"127":0,"128":0,"129":0,"130":0,"131":0,"132":0,"133":0,"134":0,"135":0,"136":2,"137":0,"138":0,"139":0,"140":0,"141":0,"142":0,"143":0,"144":0,"145":0,"146":0,"147":0,"148":0,"149":0,"150":0,"151":0,"152":0,"153":0,"154":0},"f":{"0":1,"1":1,"2":14,"3":3,"4":0,"5":0,"6":0,"7":0,"8":0,"9":0,"10":0,"11":0,"12":0},"b":{"0":[1,1],"1":[1,1],"2":[1,13],"3":[13,0],"4":[1,12],"5":[0,3],"6":[1,2],"7":[1,1],"8":[0,1],"9":[0,0],"10":[0,0],"11":[0,0],"12":[0,0],"13":[0,0],"14":[0,0],"15":[0,0],"16":[0,0],"17":[0,0,0],"18":[0,0],"19":[0,0],"20":[0,0],"21":[0,0],"22":[0,0],"23":[0,0,0],"24":[0,0]},"_coverageSchema":"1a1c01bbd47fc00a2c39e90264f33305004495a9","hash":"99e459ab5ada2347fc4f83c5815e82ce208890f9"}
,"/home/ubuntu/gyul_hap_full_stack_wcag_project/backend/src/api/controllers/dailyChallengeController.js": {"path":"/home/ubuntu/gyul_hap_full_stack_wcag_project/backend/src/api/controllers/dailyChallengeController.js","statementMap":{"0":{"start":{"line":3,"column":66},"end":{"line":3,"column":89}},"1":{"start":{"line":4,"column":15},"end":{"line":4,"column":35}},"2":{"start":{"line":5,"column":15},"end":{"line":5,"column":32}},"3":{"start":{"line":8,"column":24},"end":{"line":11,"column":1}},"4":{"start":{"line":9,"column":16},"end":{"line":9,"column":26}},"5":{"start":{"line":10,"column":2},"end":{"line":10,"column":43}},"6":{"start":{"line":16,"column":0},"end":{"line":55,"column":2}},"7":{"start":{"line":17,"column":19},"end":{"line":17,"column":36}},"8":{"start":{"line":19,"column":2},"end":{"line":54,"column":3}},"9":{"start":{"line":20,"column":20},"end":{"line":20,"column":89}},"10":{"start":{"line":22,"column":4},"end":{"line":30,"column":5}},"11":{"start":{"line":25,"column":19},"end":{"line":25,"column":57}},"12":{"start":{"line":26,"column":6},"end":{"line":29,"column":9}},"13":{"start":{"line":33,"column":21},"end":{"line":33,"column":25}},"14":{"start":{"line":34,"column":4},"end":{"line":41,"column":5}},"15":{"start":{"line":35,"column":8},"end":{"line":40,"column":11}},"16":{"start":{"line":43,"column":4},"end":{"line":49,"column":7}},"17":{"start":{"line":52,"column":4},"end":{"line":52,"column":31}},"18":{"start":{"line":53,"column":4},"end":{"line":53,"column":72}},"19":{"start":{"line":60,"column":0},"end":{"line":109,"column":2}},"20":{"start":{"line":61,"column":52},"end":{"line":61,"column":60}},"21":{"start":{"line":62,"column":17},"end":{"line":62,"column":28}},"22":{"start":{"line":63,"column":19},"end":{"line":63,"column":36}},"23":{"start":{"line":65,"column":2},"end":{"line":108,"column":3}},"24":{"start":{"line":66,"column":27},"end":{"line":66,"column":96}},"25":{"start":{"line":68,"column":4},"end":{"line":70,"column":5}},"26":{"start":{"line":69,"column":6},"end":{"line":69,"column":103}},"27":{"start":{"line":73,"column":31},"end":{"line":78,"column":6}},"28":{"start":{"line":80,"column":4},"end":{"line":82,"column":5}},"29":{"start":{"line":81,"column":6},"end":{"line":81,"column":104}},"30":{"start":{"line":85,"column":26},"end":{"line":91,"column":6}},"31":{"start":{"line":94,"column":4},"end":{"line":98,"column":7}},"32":{"start":{"line":100,"column":4},"end":{"line":103,"column":7}},"33":{"start":{"line":106,"column":4},"end":{"line":106,"column":31}},"34":{"start":{"line":107,"column":4},"end":{"line":107,"column":80}}},"fnMap":{"0":{"name":"(anonymous_0)","decl":{"start":{"line":8,"column":24},"end":{"line":8,"column":25}},"loc":{"start":{"line":8,"column":30},"end":{"line":11,"column":1}},"line":8},"1":{"name":"(anonymous_1)","decl":{"start":{"line":16,"column":29},"end":{"line":16,"column":30}},"loc":{"start":{"line":16,"column":49},"end":{"line":55,"column":1}},"line":16},"2":{"name":"(anonymous_2)","decl":{"start":{"line":60,"column":36},"end":{"line":60,"column":37}},"loc":{"start":{"line":60,"column":56},"end":{"line":109,"column":1}},"line":60}},"branchMap":{"0":{"loc":{"start":{"line":22,"column":4},"end":{"line":30,"column":5}},"type":"if","locations":[{"start":{"line":22,"column":4},"end":{"line":30,"column":5}},{"start":{},"end":{}}],"line":22},"1":{"loc":{"start":{"line":34,"column":4},"end":{"line":41,"column":5}},"type":"if","locations":[{"start":{"line":34,"column":4},"end":{"line":41,"column":5}},{"start":{},"end":{}}],"line":34},"2":{"loc":{"start":{"line":34,"column":8},"end":{"line":34,"column":31}},"type":"binary-expr","locations":[{"start":{"line":34,"column":8},"end":{"line":34,"column":16}},{"start":{"line":34,"column":20},"end":{"line":34,"column":31}}],"line":34},"3":{"loc":{"start":{"line":68,"column":4},"end":{"line":70,"column":5}},"type":"if","locations":[{"start":{"line":68,"column":4},"end":{"line":70,"column":5}},{"start":{},"end":{}}],"line":68},"4":{"loc":{"start":{"line":80,"column":4},"end":{"line":82,"column":5}},"type":"if","locations":[{"start":{"line":80,"column":4},"end":{"line":82,"column":5}},{"start":{},"end":{}}],"line":80},"5":{"loc":{"start":{"line":90,"column":21},"end":{"line":90,"column":34}},"type":"binary-expr","locations":[{"start":{"line":90,"column":21},"end":{"line":90,"column":28}},{"start":{"line":90,"column":32},"end":{"line":90,"column":34}}],"line":90}},"s":{"0":2,"1":2,"2":2,"3":2,"4":0,"5":0,"6":2,"7":0,"8":0,"9":0,"10":0,"11":0,"12":0,"13":0,"14":0,"15":0,"16":0,"17":0,"18":0,"19":2,"20":0,"21":0,"22":0,"23":0,"24":0,"25":0,"26":0,"27":0,"28":0,"29":0,"30":0,"31":0,"32":0,"33":0,"34":0},"f":{"0":0,"1":0,"2":0},"b":{"0":[0,0],"1":[0,0],"2":[0,0],"3":[0,0],"4":[0,0],"5":[0,0]},"_coverageSchema":"1a1c01bbd47fc00a2c39e90264f33305004495a9","hash":"a4fdeeb8d9d716bcccc1be7e9a57221971c82e82"}
,"/home/ubuntu/gyul_hap_full_stack_wcag_project/backend/src/api/controllers/scoreController.js": {"path":"/home/ubuntu/gyul_hap_full_stack_wcag_project/backend/src/api/controllers/scoreController.js","statementMap":{"0":{"start":{"line":3,"column":24},"end":{"line":3,"column":47}},"1":{"start":{"line":8,"column":0},"end":{"line":26,"column":2}},"2":{"start":{"line":9,"column":63},"end":{"line":9,"column":71}},"3":{"start":{"line":10,"column":17},"end":{"line":10,"column":28}},"4":{"start":{"line":12,"column":2},"end":{"line":25,"column":3}},"5":{"start":{"line":13,"column":21},"end":{"line":19,"column":6}},"6":{"start":{"line":21,"column":4},"end":{"line":21,"column":35}},"7":{"start":{"line":23,"column":4},"end":{"line":23,"column":31}},"8":{"start":{"line":24,"column":4},"end":{"line":24,"column":41}},"9":{"start":{"line":31,"column":0},"end":{"line":59,"column":2}},"10":{"start":{"line":32,"column":24},"end":{"line":32,"column":33}},"11":{"start":{"line":33,"column":16},"end":{"line":33,"column":47}},"12":{"start":{"line":35,"column":2},"end":{"line":37,"column":3}},"13":{"start":{"line":36,"column":4},"end":{"line":36,"column":82}},"14":{"start":{"line":39,"column":2},"end":{"line":58,"column":3}},"15":{"start":{"line":40,"column":24},"end":{"line":52,"column":6}},"16":{"start":{"line":54,"column":4},"end":{"line":54,"column":26}},"17":{"start":{"line":56,"column":4},"end":{"line":56,"column":31}},"18":{"start":{"line":57,"column":4},"end":{"line":57,"column":41}}},"fnMap":{"0":{"name":"(anonymous_0)","decl":{"start":{"line":8,"column":22},"end":{"line":8,"column":23}},"loc":{"start":{"line":8,"column":42},"end":{"line":26,"column":1}},"line":8},"1":{"name":"(anonymous_1)","decl":{"start":{"line":31,"column":25},"end":{"line":31,"column":26}},"loc":{"start":{"line":31,"column":45},"end":{"line":59,"column":1}},"line":31}},"branchMap":{"0":{"loc":{"start":{"line":33,"column":16},"end":{"line":33,"column":47}},"type":"binary-expr","locations":[{"start":{"line":33,"column":16},"end":{"line":33,"column":41}},{"start":{"line":33,"column":45},"end":{"line":33,"column":47}}],"line":33},"1":{"loc":{"start":{"line":35,"column":2},"end":{"line":37,"column":3}},"type":"if","locations":[{"start":{"line":35,"column":2},"end":{"line":37,"column":3}},{"start":{},"end":{}}],"line":35}},"s":{"0":2,"1":2,"2":0,"3":0,"4":0,"5":0,"6":0,"7":0,"8":0,"9":2,"10":0,"11":0,"12":0,"13":0,"14":0,"15":0,"16":0,"17":0,"18":0},"f":{"0":0,"1":0},"b":{"0":[0,0],"1":[0,0]},"_coverageSchema":"1a1c01bbd47fc00a2c39e90264f33305004495a9","hash":"d8f6c2a6587e4fa97e8f65462762633cad8d067a"}
,"/home/ubuntu/gyul_hap_full_stack_wcag_project/backend/src/api/middleware/authMiddleware.js": {"path":"/home/ubuntu/gyul_hap_full_stack_wcag_project/backend/src/api/middleware/authMiddleware.js","statementMap":{"0":{"start":{"line":3,"column":12},"end":{"line":3,"column":35}},"1":{"start":{"line":7,"column":24},"end":{"line":27,"column":1}},"2":{"start":{"line":8,"column":22},"end":{"line":8,"column":45}},"3":{"start":{"line":10,"column":2},"end":{"line":12,"column":3}},"4":{"start":{"line":11,"column":4},"end":{"line":11,"column":89}},"5":{"start":{"line":14,"column":2},"end":{"line":26,"column":3}},"6":{"start":{"line":15,"column":20},"end":{"line":15,"column":102}},"7":{"start":{"line":16,"column":4},"end":{"line":16,"column":28}},"8":{"start":{"line":17,"column":4},"end":{"line":17,"column":11}},"9":{"start":{"line":21,"column":4},"end":{"line":21,"column":57}},"10":{"start":{"line":22,"column":4},"end":{"line":24,"column":5}},"11":{"start":{"line":23,"column":8},"end":{"line":23,"column":97}},"12":{"start":{"line":25,"column":4},"end":{"line":25,"column":91}},"13":{"start":{"line":31,"column":33},"end":{"line":47,"column":1}},"14":{"start":{"line":46,"column":4},"end":{"line":46,"column":11}},"15":{"start":{"line":49,"column":0},"end":{"line":52,"column":2}}},"fnMap":{"0":{"name":"(anonymous_0)","decl":{"start":{"line":7,"column":24},"end":{"line":7,"column":25}},"loc":{"start":{"line":7,"column":44},"end":{"line":27,"column":1}},"line":7},"1":{"name":"(anonymous_1)","decl":{"start":{"line":31,"column":33},"end":{"line":31,"column":34}},"loc":{"start":{"line":31,"column":53},"end":{"line":47,"column":1}},"line":31}},"branchMap":{"0":{"loc":{"start":{"line":10,"column":2},"end":{"line":12,"column":3}},"type":"if","locations":[{"start":{"line":10,"column":2},"end":{"line":12,"column":3}},{"start":{},"end":{}}],"line":10},"1":{"loc":{"start":{"line":15,"column":44},"end":{"line":15,"column":101}},"type":"binary-expr","locations":[{"start":{"line":15,"column":44},"end":{"line":15,"column":73}},{"start":{"line":15,"column":77},"end":{"line":15,"column":101}}],"line":15},"2":{"loc":{"start":{"line":22,"column":4},"end":{"line":24,"column":5}},"type":"if","locations":[{"start":{"line":22,"column":4},"end":{"line":24,"column":5}},{"start":{},"end":{}}],"line":22}},"s":{"0":2,"1":2,"2":15,"3":0,"4":0,"5":0,"6":0,"7":0,"8":0,"9":0,"10":0,"11":0,"12":0,"13":2,"14":0,"15":2},"f":{"0":15,"1":0},"b":{"0":[0,0],"1":[0,0],"2":[0,0]},"_coverageSchema":"1a1c01bbd47fc00a2c39e90264f33305004495a9","hash":"7c9da1092e9b5a47f6dd570ab6184f8f218df6bb"}
,"/home/ubuntu/gyul_hap_full_stack_wcag_project/backend/src/api/middleware/validators.js": {"path":"/home/ubuntu/gyul_hap_full_stack_wcag_project/backend/src/api/middleware/validators.js","statementMap":{"0":{"start":{"line":3,"column":36},"end":{"line":3,"column":64}},"1":{"start":{"line":5,"column":0},"end":{"line":18,"column":2}},"2":{"start":{"line":12,"column":19},"end":{"line":12,"column":40}},"3":{"start":{"line":13,"column":4},"end":{"line":15,"column":5}},"4":{"start":{"line":14,"column":6},"end":{"line":14,"column":62}},"5":{"start":{"line":16,"column":4},"end":{"line":16,"column":11}},"6":{"start":{"line":20,"column":0},"end":{"line":30,"column":2}},"7":{"start":{"line":24,"column":19},"end":{"line":24,"column":40}},"8":{"start":{"line":25,"column":4},"end":{"line":27,"column":5}},"9":{"start":{"line":26,"column":6},"end":{"line":26,"column":62}},"10":{"start":{"line":28,"column":4},"end":{"line":28,"column":11}},"11":{"start":{"line":32,"column":0},"end":{"line":44,"column":2}},"12":{"start":{"line":38,"column":23},"end":{"line":38,"column":44}},"13":{"start":{"line":39,"column":8},"end":{"line":41,"column":9}},"14":{"start":{"line":40,"column":12},"end":{"line":40,"column":68}},"15":{"start":{"line":42,"column":8},"end":{"line":42,"column":15}}},"fnMap":{"0":{"name":"(anonymous_0)","decl":{"start":{"line":11,"column":2},"end":{"line":11,"column":3}},"loc":{"start":{"line":11,"column":22},"end":{"line":17,"column":3}},"line":11},"1":{"name":"(anonymous_1)","decl":{"start":{"line":23,"column":2},"end":{"line":23,"column":3}},"loc":{"start":{"line":23,"column":22},"end":{"line":29,"column":3}},"line":23},"2":{"name":"(anonymous_2)","decl":{"start":{"line":37,"column":4},"end":{"line":37,"column":5}},"loc":{"start":{"line":37,"column":24},"end":{"line":43,"column":5}},"line":37}},"branchMap":{"0":{"loc":{"start":{"line":13,"column":4},"end":{"line":15,"column":5}},"type":"if","locations":[{"start":{"line":13,"column":4},"end":{"line":15,"column":5}},{"start":{},"end":{}}],"line":13},"1":{"loc":{"start":{"line":25,"column":4},"end":{"line":27,"column":5}},"type":"if","locations":[{"start":{"line":25,"column":4},"end":{"line":27,"column":5}},{"start":{},"end":{}}],"line":25},"2":{"loc":{"start":{"line":39,"column":8},"end":{"line":41,"column":9}},"type":"if","locations":[{"start":{"line":39,"column":8},"end":{"line":41,"column":9}},{"start":{},"end":{}}],"line":39}},"s":{"0":2,"1":2,"2":15,"3":15,"4":1,"5":14,"6":2,"7":15,"8":15,"9":12,"10":3,"11":2,"12":0,"13":0,"14":0,"15":0},"f":{"0":15,"1":15,"2":0},"b":{"0":[1,14],"1":[12,3],"2":[0,0]},"_coverageSchema":"1a1c01bbd47fc00a2c39e90264f33305004495a9","hash":"360779a817a2a99fe44c672a3d85826dbee9cc5d"}
,"/home/ubuntu/gyul_hap_full_stack_wcag_project/backend/src/api/routes/authRoutes.js": {"path":"/home/ubuntu/gyul_hap_full_stack_wcag_project/backend/src/api/routes/authRoutes.js","statementMap":{"0":{"start":{"line":3,"column":16},"end":{"line":3,"column":34}},"1":{"start":{"line":4,"column":15},"end":{"line":4,"column":31}},"2":{"start":{"line":5,"column":23},"end":{"line":5,"column":63}},"3":{"start":{"line":6,"column":48},"end":{"line":6,"column":83}},"4":{"start":{"line":8,"column":28},"end":{"line":8,"column":67}},"5":{"start":{"line":13,"column":0},"end":{"line":13,"column":76}},"6":{"start":{"line":18,"column":0},"end":{"line":18,"column":63}},"7":{"start":{"line":23,"column":0},"end":{"line":23,"column":67}},"8":{"start":{"line":28,"column":0},"end":{"line":28,"column":59}},"9":{"start":{"line":35,"column":0},"end":{"line":35,"column":78}},"10":{"start":{"line":40,"column":0},"end":{"line":40,"column":87}},"11":{"start":{"line":45,"column":0},"end":{"line":45,"column":71}},"12":{"start":{"line":50,"column":0},"end":{"line":50,"column":82}},"13":{"start":{"line":55,"column":0},"end":{"line":55,"column":84}},"14":{"start":{"line":60,"column":0},"end":{"line":60,"column":76}},"15":{"start":{"line":68,"column":0},"end":{"line":68,"column":24}}},"fnMap":{},"branchMap":{},"s":{"0":2,"1":2,"2":2,"3":2,"4":2,"5":2,"6":2,"7":2,"8":2,"9":2,"10":2,"11":2,"12":2,"13":2,"14":2,"15":2},"f":{},"b":{},"_coverageSchema":"1a1c01bbd47fc00a2c39e90264f33305004495a9","hash":"fbde5d336dda48d1be060b64bea1b17e05cd4bbb"}
,"/home/ubuntu/gyul_hap_full_stack_wcag_project/backend/src/api/routes/dailyChallengeRoutes.js": {"path":"/home/ubuntu/gyul_hap_full_stack_wcag_project/backend/src/api/routes/dailyChallengeRoutes.js","statementMap":{"0":{"start":{"line":3,"column":16},"end":{"line":3,"column":34}},"1":{"start":{"line":4,"column":15},"end":{"line":4,"column":31}},"2":{"start":{"line":5,"column":33},"end":{"line":5,"column":83}},"3":{"start":{"line":6,"column":28},"end":{"line":6,"column":67}},"4":{"start":{"line":7,"column":36},"end":{"line":7,"column":71}},"5":{"start":{"line":12,"column":0},"end":{"line":12,"column":66}},"6":{"start":{"line":17,"column":0},"end":{"line":17,"column":117}},"7":{"start":{"line":19,"column":0},"end":{"line":19,"column":24}}},"fnMap":{},"branchMap":{},"s":{"0":2,"1":2,"2":2,"3":2,"4":2,"5":2,"6":2,"7":2},"f":{},"b":{},"_coverageSchema":"1a1c01bbd47fc00a2c39e90264f33305004495a9","hash":"240159e88f90d545f5ca31c33315ea0bbf9e5a7b"}
,"/home/ubuntu/gyul_hap_full_stack_wcag_project/backend/src/api/routes/roomRoutes.js": {"path":"/home/ubuntu/gyul_hap_full_stack_wcag_project/backend/src/api/routes/roomRoutes.js","statementMap":{"0":{"start":{"line":3,"column":16},"end":{"line":3,"column":34}},"1":{"start":{"line":4,"column":15},"end":{"line":4,"column":31}},"2":{"start":{"line":6,"column":23},"end":{"line":6,"column":62}},"3":{"start":{"line":26,"column":0},"end":{"line":26,"column":24}}},"fnMap":{},"branchMap":{},"s":{"0":2,"1":2,"2":2,"3":2},"f":{},"b":{},"_coverageSchema":"1a1c01bbd47fc00a2c39e90264f33305004495a9","hash":"445e610c027e377a5b83d8b1f4a75b69ed56ddb0"}
,"/home/ubuntu/gyul_hap_full_stack_wcag_project/backend/src/api/routes/scoreRoutes.js": {"path":"/home/ubuntu/gyul_hap_full_stack_wcag_project/backend/src/api/routes/scoreRoutes.js","statementMap":{"0":{"start":{"line":3,"column":16},"end":{"line":3,"column":34}},"1":{"start":{"line":4,"column":15},"end":{"line":4,"column":31}},"2":{"start":{"line":5,"column":24},"end":{"line":5,"column":65}},"3":{"start":{"line":6,"column":28},"end":{"line":6,"column":67}},"4":{"start":{"line":7,"column":36},"end":{"line":7,"column":71}},"5":{"start":{"line":12,"column":0},"end":{"line":12,"column":88}},"6":{"start":{"line":17,"column":0},"end":{"line":17,"column":59}},"7":{"start":{"line":19,"column":0},"end":{"line":19,"column":24}}},"fnMap":{},"branchMap":{},"s":{"0":2,"1":2,"2":2,"3":2,"4":2,"5":2,"6":2,"7":2},"f":{},"b":{},"_coverageSchema":"1a1c01bbd47fc00a2c39e90264f33305004495a9","hash":"13e60009e2fd225baca386ba4e52e7b901d65a8c"}
,"/home/ubuntu/gyul_hap_full_stack_wcag_project/backend/src/models/dailyChallenge.js": {"path":"/home/ubuntu/gyul_hap_full_stack_wcag_project/backend/src/models/dailyChallenge.js","statementMap":{"0":{"start":{"line":3,"column":18},"end":{"line":3,"column":38}},"1":{"start":{"line":5,"column":0},"end":{"line":37,"column":2}},"2":{"start":{"line":8,"column":6},"end":{"line":11,"column":9}},"3":{"start":{"line":14,"column":2},"end":{"line":35,"column":5}},"4":{"start":{"line":36,"column":2},"end":{"line":36,"column":24}}},"fnMap":{"0":{"name":"(anonymous_0)","decl":{"start":{"line":5,"column":17},"end":{"line":5,"column":18}},"loc":{"start":{"line":5,"column":43},"end":{"line":37,"column":1}},"line":5},"1":{"name":"(anonymous_1)","decl":{"start":{"line":7,"column":4},"end":{"line":7,"column":5}},"loc":{"start":{"line":7,"column":29},"end":{"line":12,"column":5}},"line":7}},"branchMap":{},"s":{"0":2,"1":2,"2":2,"3":2,"4":2},"f":{"0":2,"1":2},"b":{},"_coverageSchema":"1a1c01bbd47fc00a2c39e90264f33305004495a9","hash":"ee5f74fe92de4317b81a3bf6e619b6458a8cfdce"}
,"/home/ubuntu/gyul_hap_full_stack_wcag_project/backend/src/models/dailyChallengeSubmission.js": {"path":"/home/ubuntu/gyul_hap_full_stack_wcag_project/backend/src/models/dailyChallengeSubmission.js","statementMap":{"0":{"start":{"line":1,"column":18},"end":{"line":1,"column":38}},"1":{"start":{"line":3,"column":0},"end":{"line":56,"column":2}},"2":{"start":{"line":7,"column":6},"end":{"line":10,"column":9}},"3":{"start":{"line":11,"column":6},"end":{"line":14,"column":9}},"4":{"start":{"line":17,"column":2},"end":{"line":54,"column":5}},"5":{"start":{"line":55,"column":2},"end":{"line":55,"column":34}}},"fnMap":{"0":{"name":"(anonymous_0)","decl":{"start":{"line":3,"column":17},"end":{"line":3,"column":18}},"loc":{"start":{"line":3,"column":43},"end":{"line":56,"column":1}},"line":3},"1":{"name":"(anonymous_1)","decl":{"start":{"line":5,"column":4},"end":{"line":5,"column":5}},"loc":{"start":{"line":5,"column":29},"end":{"line":15,"column":5}},"line":5}},"branchMap":{},"s":{"0":2,"1":2,"2":2,"3":2,"4":2,"5":2},"f":{"0":2,"1":2},"b":{},"_coverageSchema":"1a1c01bbd47fc00a2c39e90264f33305004495a9","hash":"af36f3dae45fc3e83097f754a195d6f9ba75a8c7"}
,"/home/ubuntu/gyul_hap_full_stack_wcag_project/backend/src/models/gameRoom.js": {"path":"/home/ubuntu/gyul_hap_full_stack_wcag_project/backend/src/models/gameRoom.js","statementMap":{"0":{"start":{"line":6,"column":26},"end":{"line":6,"column":46}},"1":{"start":{"line":8,"column":0},"end":{"line":67,"column":2}},"2":{"start":{"line":11,"column":6},"end":{"line":14,"column":9}},"3":{"start":{"line":15,"column":6},"end":{"line":18,"column":9}},"4":{"start":{"line":21,"column":2},"end":{"line":65,"column":5}},"5":{"start":{"line":66,"column":2},"end":{"line":66,"column":18}}},"fnMap":{"0":{"name":"(anonymous_0)","decl":{"start":{"line":8,"column":17},"end":{"line":8,"column":18}},"loc":{"start":{"line":8,"column":43},"end":{"line":67,"column":1}},"line":8},"1":{"name":"(anonymous_1)","decl":{"start":{"line":10,"column":4},"end":{"line":10,"column":5}},"loc":{"start":{"line":10,"column":29},"end":{"line":19,"column":5}},"line":10}},"branchMap":{},"s":{"0":2,"1":2,"2":2,"3":2,"4":2,"5":2},"f":{"0":2,"1":2},"b":{},"_coverageSchema":"1a1c01bbd47fc00a2c39e90264f33305004495a9","hash":"e3bb4f70973342dec6c0b2c3ac2955bd8d47bcc3"}
,"/home/ubuntu/gyul_hap_full_stack_wcag_project/backend/src/models/index.js": {"path":"/home/ubuntu/gyul_hap_full_stack_wcag_project/backend/src/models/index.js","statementMap":{"0":{"start":{"line":3,"column":11},"end":{"line":3,"column":24}},"1":{"start":{"line":4,"column":13},"end":{"line":4,"column":28}},"2":{"start":{"line":5,"column":18},"end":{"line":5,"column":38}},"3":{"start":{"line":6,"column":16},"end":{"line":6,"column":34}},"4":{"start":{"line":7,"column":17},"end":{"line":7,"column":42}},"5":{"start":{"line":8,"column":12},"end":{"line":8,"column":49}},"6":{"start":{"line":9,"column":15},"end":{"line":9,"column":65}},"7":{"start":{"line":10,"column":11},"end":{"line":10,"column":13}},"8":{"start":{"line":13,"column":0},"end":{"line":17,"column":1}},"9":{"start":{"line":14,"column":2},"end":{"line":14,"column":74}},"10":{"start":{"line":16,"column":2},"end":{"line":16,"column":87}},"11":{"start":{"line":19,"column":0},"end":{"line":32,"column":5}},"12":{"start":{"line":22,"column":4},"end":{"line":27,"column":6}},"13":{"start":{"line":30,"column":18},"end":{"line":30,"column":85}},"14":{"start":{"line":31,"column":4},"end":{"line":31,"column":27}},"15":{"start":{"line":34,"column":0},"end":{"line":38,"column":3}},"16":{"start":{"line":35,"column":2},"end":{"line":37,"column":3}},"17":{"start":{"line":36,"column":4},"end":{"line":36,"column":32}},"18":{"start":{"line":40,"column":0},"end":{"line":40,"column":25}},"19":{"start":{"line":41,"column":0},"end":{"line":41,"column":25}},"20":{"start":{"line":43,"column":0},"end":{"line":43,"column":20}}},"fnMap":{"0":{"name":"(anonymous_0)","decl":{"start":{"line":21,"column":10},"end":{"line":21,"column":11}},"loc":{"start":{"line":21,"column":18},"end":{"line":28,"column":3}},"line":21},"1":{"name":"(anonymous_1)","decl":{"start":{"line":29,"column":11},"end":{"line":29,"column":12}},"loc":{"start":{"line":29,"column":19},"end":{"line":32,"column":3}},"line":29},"2":{"name":"(anonymous_2)","decl":{"start":{"line":34,"column":24},"end":{"line":34,"column":25}},"loc":{"start":{"line":34,"column":37},"end":{"line":38,"column":1}},"line":34}},"branchMap":{"0":{"loc":{"start":{"line":8,"column":12},"end":{"line":8,"column":49}},"type":"binary-expr","locations":[{"start":{"line":8,"column":12},"end":{"line":8,"column":32}},{"start":{"line":8,"column":36},"end":{"line":8,"column":49}}],"line":8},"1":{"loc":{"start":{"line":13,"column":0},"end":{"line":17,"column":1}},"type":"if","locations":[{"start":{"line":13,"column":0},"end":{"line":17,"column":1}},{"start":{"line":15,"column":7},"end":{"line":17,"column":1}}],"line":13},"2":{"loc":{"start":{"line":23,"column":6},"end":{"line":26,"column":37}},"type":"binary-expr","locations":[{"start":{"line":23,"column":6},"end":{"line":23,"column":29}},{"start":{"line":24,"column":6},"end":{"line":24,"column":23}},{"start":{"line":25,"column":6},"end":{"line":25,"column":30}},{"start":{"line":26,"column":6},"end":{"line":26,"column":37}}],"line":23},"3":{"loc":{"start":{"line":35,"column":2},"end":{"line":37,"column":3}},"type":"if","locations":[{"start":{"line":35,"column":2},"end":{"line":37,"column":3}},{"start":{},"end":{}}],"line":35}},"s":{"0":2,"1":2,"2":2,"3":2,"4":2,"5":2,"6":2,"7":2,"8":2,"9":0,"10":2,"11":2,"12":12,"13":10,"14":10,"15":2,"16":10,"17":10,"18":2,"19":2,"20":2},"f":{"0":12,"1":10,"2":10},"b":{"0":[2,0],"1":[0,2],"2":[12,12,10,10],"3":[10,0]},"_coverageSchema":"1a1c01bbd47fc00a2c39e90264f33305004495a9","hash":"9714d5eb5f8f63a5fb8127eeaf88b3d29bd7981b"}
,"/home/ubuntu/gyul_hap_full_stack_wcag_project/backend/src/models/score.js": {"path":"/home/ubuntu/gyul_hap_full_stack_wcag_project/backend/src/models/score.js","statementMap":{"0":{"start":{"line":3,"column":18},"end":{"line":3,"column":38}},"1":{"start":{"line":5,"column":0},"end":{"line":59,"column":2}},"2":{"start":{"line":8,"column":6},"end":{"line":11,"column":9}},"3":{"start":{"line":16,"column":6},"end":{"line":19,"column":9}},"4":{"start":{"line":22,"column":2},"end":{"line":57,"column":5}},"5":{"start":{"line":58,"column":2},"end":{"line":58,"column":15}}},"fnMap":{"0":{"name":"(anonymous_0)","decl":{"start":{"line":5,"column":17},"end":{"line":5,"column":18}},"loc":{"start":{"line":5,"column":43},"end":{"line":59,"column":1}},"line":5},"1":{"name":"(anonymous_1)","decl":{"start":{"line":7,"column":4},"end":{"line":7,"column":5}},"loc":{"start":{"line":7,"column":29},"end":{"line":20,"column":5}},"line":7}},"branchMap":{},"s":{"0":2,"1":2,"2":2,"3":2,"4":2,"5":2},"f":{"0":2,"1":2},"b":{},"_coverageSchema":"1a1c01bbd47fc00a2c39e90264f33305004495a9","hash":"cc5185eb6321a3fe67a0ba433de931a5ed6c68e2"}
,"/home/ubuntu/gyul_hap_full_stack_wcag_project/backend/src/models/user.js": {"path":"/home/ubuntu/gyul_hap_full_stack_wcag_project/backend/src/models/user.js","statementMap":{"0":{"start":{"line":2,"column":18},"end":{"line":2,"column":38}},"1":{"start":{"line":3,"column":15},"end":{"line":3,"column":34}},"2":{"start":{"line":5,"column":0},"end":{"line":61,"column":2}},"3":{"start":{"line":8,"column":6},"end":{"line":11,"column":9}},"4":{"start":{"line":12,"column":6},"end":{"line":15,"column":9}},"5":{"start":{"line":21,"column":6},"end":{"line":21,"column":62}},"6":{"start":{"line":24,"column":2},"end":{"line":59,"column":5}},"7":{"start":{"line":47,"column":8},"end":{"line":50,"column":9}},"8":{"start":{"line":48,"column":23},"end":{"line":48,"column":47}},"9":{"start":{"line":49,"column":10},"end":{"line":49,"column":75}},"10":{"start":{"line":53,"column":8},"end":{"line":56,"column":9}},"11":{"start":{"line":54,"column":23},"end":{"line":54,"column":47}},"12":{"start":{"line":55,"column":10},"end":{"line":55,"column":75}},"13":{"start":{"line":60,"column":2},"end":{"line":60,"column":14}}},"fnMap":{"0":{"name":"(anonymous_0)","decl":{"start":{"line":5,"column":17},"end":{"line":5,"column":18}},"loc":{"start":{"line":5,"column":43},"end":{"line":61,"column":1}},"line":5},"1":{"name":"(anonymous_1)","decl":{"start":{"line":7,"column":4},"end":{"line":7,"column":5}},"loc":{"start":{"line":7,"column":29},"end":{"line":17,"column":5}},"line":7},"2":{"name":"(anonymous_2)","decl":{"start":{"line":20,"column":4},"end":{"line":20,"column":5}},"loc":{"start":{"line":20,"column":28},"end":{"line":22,"column":5}},"line":20},"3":{"name":"(anonymous_3)","decl":{"start":{"line":46,"column":20},"end":{"line":46,"column":21}},"loc":{"start":{"line":46,"column":36},"end":{"line":51,"column":7}},"line":46},"4":{"name":"(anonymous_4)","decl":{"start":{"line":52,"column":20},"end":{"line":52,"column":21}},"loc":{"start":{"line":52,"column":36},"end":{"line":57,"column":7}},"line":52}},"branchMap":{"0":{"loc":{"start":{"line":47,"column":8},"end":{"line":50,"column":9}},"type":"if","locations":[{"start":{"line":47,"column":8},"end":{"line":50,"column":9}},{"start":{},"end":{}}],"line":47},"1":{"loc":{"start":{"line":53,"column":8},"end":{"line":56,"column":9}},"type":"if","locations":[{"start":{"line":53,"column":8},"end":{"line":56,"column":9}},{"start":{},"end":{}}],"line":53},"2":{"loc":{"start":{"line":53,"column":12},"end":{"line":53,"column":63}},"type":"binary-expr","locations":[{"start":{"line":53,"column":12},"end":{"line":53,"column":41}},{"start":{"line":53,"column":45},"end":{"line":53,"column":63}}],"line":53}},"s":{"0":2,"1":2,"2":2,"3":2,"4":2,"5":2,"6":2,"7":17,"8":17,"9":17,"10":0,"11":0,"12":0,"13":2},"f":{"0":2,"1":2,"2":2,"3":17,"4":0},"b":{"0":[17,0],"1":[0,0],"2":[0,0]},"_coverageSchema":"1a1c01bbd47fc00a2c39e90264f33305004495a9","hash":"eb8cb846331730d776a78f8cf1b7b0e3a295f68d"}
,"/home/ubuntu/gyul_hap_full_stack_wcag_project/backend/src/services/TwoFactorService.js": {"path":"/home/ubuntu/gyul_hap_full_stack_wcag_project/backend/src/services/TwoFactorService.js","statementMap":{"0":{"start":{"line":3,"column":18},"end":{"line":3,"column":38}},"1":{"start":{"line":4,"column":15},"end":{"line":4,"column":32}},"2":{"start":{"line":5,"column":15},"end":{"line":5,"column":32}},"3":{"start":{"line":10,"column":23},"end":{"line":10,"column":98}},"4":{"start":{"line":11,"column":18},"end":{"line":11,"column":20}},"5":{"start":{"line":14,"column":2},"end":{"line":14,"column":25}},"6":{"start":{"line":14,"column":13},"end":{"line":14,"column":25}},"7":{"start":{"line":15,"column":13},"end":{"line":15,"column":42}},"8":{"start":{"line":16,"column":17},"end":{"line":16,"column":86}},"9":{"start":{"line":17,"column":18},"end":{"line":17,"column":37}},"10":{"start":{"line":18,"column":2},"end":{"line":18,"column":57}},"11":{"start":{"line":19,"column":2},"end":{"line":19,"column":62}},"12":{"start":{"line":23,"column":2},"end":{"line":23,"column":25}},"13":{"start":{"line":23,"column":13},"end":{"line":23,"column":25}},"14":{"start":{"line":24,"column":2},"end":{"line":39,"column":3}},"15":{"start":{"line":25,"column":22},"end":{"line":25,"column":37}},"16":{"start":{"line":26,"column":4},"end":{"line":29,"column":5}},"17":{"start":{"line":27,"column":8},"end":{"line":27,"column":70}},"18":{"start":{"line":28,"column":8},"end":{"line":28,"column":20}},"19":{"start":{"line":30,"column":15},"end":{"line":30,"column":52}},"20":{"start":{"line":31,"column":26},"end":{"line":31,"column":65}},"21":{"start":{"line":32,"column":21},"end":{"line":32,"column":92}},"22":{"start":{"line":33,"column":20},"end":{"line":33,"column":50}},"23":{"start":{"line":34,"column":4},"end":{"line":34,"column":61}},"24":{"start":{"line":35,"column":4},"end":{"line":35,"column":32}},"25":{"start":{"line":37,"column":4},"end":{"line":37,"column":51}},"26":{"start":{"line":38,"column":4},"end":{"line":38,"column":16}},"27":{"start":{"line":42,"column":23},"end":{"line":48,"column":1}},"28":{"start":{"line":43,"column":17},"end":{"line":43,"column":57}},"29":{"start":{"line":44,"column":2},"end":{"line":47,"column":4}},"30":{"start":{"line":50,"column":27},"end":{"line":57,"column":1}},"31":{"start":{"line":51,"column":2},"end":{"line":56,"column":5}},"32":{"start":{"line":59,"column":23},"end":{"line":66,"column":1}},"33":{"start":{"line":60,"column":2},"end":{"line":65,"column":3}},"34":{"start":{"line":61,"column":4},"end":{"line":61,"column":46}},"35":{"start":{"line":63,"column":4},"end":{"line":63,"column":51}},"36":{"start":{"line":64,"column":4},"end":{"line":64,"column":16}},"37":{"start":{"line":68,"column":19},"end":{"line":81,"column":1}},"38":{"start":{"line":69,"column":2},"end":{"line":69,"column":38}},"39":{"start":{"line":69,"column":25},"end":{"line":69,"column":38}},"40":{"start":{"line":70,"column":26},"end":{"line":70,"column":41}},"41":{"start":{"line":71,"column":2},"end":{"line":74,"column":3}},"42":{"start":{"line":72,"column":4},"end":{"line":72,"column":68}},"43":{"start":{"line":73,"column":4},"end":{"line":73,"column":17}},"44":{"start":{"line":75,"column":2},"end":{"line":80,"column":5}},"45":{"start":{"line":83,"column":30},"end":{"line":89,"column":1}},"46":{"start":{"line":84,"column":16},"end":{"line":84,"column":18}},"47":{"start":{"line":85,"column":2},"end":{"line":87,"column":3}},"48":{"start":{"line":85,"column":15},"end":{"line":85,"column":16}},"49":{"start":{"line":86,"column":4},"end":{"line":86,"column":91}},"50":{"start":{"line":88,"column":2},"end":{"line":88,"column":15}},"51":{"start":{"line":91,"column":0},"end":{"line":99,"column":2}}},"fnMap":{"0":{"name":"encrypt","decl":{"start":{"line":13,"column":9},"end":{"line":13,"column":16}},"loc":{"start":{"line":13,"column":23},"end":{"line":20,"column":1}},"line":13},"1":{"name":"decrypt","decl":{"start":{"line":22,"column":9},"end":{"line":22,"column":16}},"loc":{"start":{"line":22,"column":23},"end":{"line":40,"column":1}},"line":22},"2":{"name":"(anonymous_2)","decl":{"start":{"line":42,"column":23},"end":{"line":42,"column":24}},"loc":{"start":{"line":42,"column":29},"end":{"line":48,"column":1}},"line":42},"3":{"name":"(anonymous_3)","decl":{"start":{"line":50,"column":27},"end":{"line":50,"column":28}},"loc":{"start":{"line":50,"column":54},"end":{"line":57,"column":1}},"line":50},"4":{"name":"(anonymous_4)","decl":{"start":{"line":59,"column":23},"end":{"line":59,"column":24}},"loc":{"start":{"line":59,"column":45},"end":{"line":66,"column":1}},"line":59},"5":{"name":"(anonymous_5)","decl":{"start":{"line":68,"column":19},"end":{"line":68,"column":20}},"loc":{"start":{"line":68,"column":50},"end":{"line":81,"column":1}},"line":68},"6":{"name":"(anonymous_6)","decl":{"start":{"line":83,"column":30},"end":{"line":83,"column":31}},"loc":{"start":{"line":83,"column":59},"end":{"line":89,"column":1}},"line":83}},"branchMap":{"0":{"loc":{"start":{"line":10,"column":23},"end":{"line":10,"column":98}},"type":"binary-expr","locations":[{"start":{"line":10,"column":23},"end":{"line":10,"column":60}},{"start":{"line":10,"column":64},"end":{"line":10,"column":98}}],"line":10},"1":{"loc":{"start":{"line":14,"column":2},"end":{"line":14,"column":25}},"type":"if","locations":[{"start":{"line":14,"column":2},"end":{"line":14,"column":25}},{"start":{},"end":{}}],"line":14},"2":{"loc":{"start":{"line":23,"column":2},"end":{"line":23,"column":25}},"type":"if","locations":[{"start":{"line":23,"column":2},"end":{"line":23,"column":25}},{"start":{},"end":{}}],"line":23},"3":{"loc":{"start":{"line":26,"column":4},"end":{"line":29,"column":5}},"type":"if","locations":[{"start":{"line":26,"column":4},"end":{"line":29,"column":5}},{"start":{},"end":{}}],"line":26},"4":{"loc":{"start":{"line":68,"column":35},"end":{"line":68,"column":45}},"type":"default-arg","locations":[{"start":{"line":68,"column":44},"end":{"line":68,"column":45}}],"line":68},"5":{"loc":{"start":{"line":69,"column":2},"end":{"line":69,"column":38}},"type":"if","locations":[{"start":{"line":69,"column":2},"end":{"line":69,"column":38}},{"start":{},"end":{}}],"line":69},"6":{"loc":{"start":{"line":69,"column":6},"end":{"line":69,"column":23}},"type":"binary-expr","locations":[{"start":{"line":69,"column":6},"end":{"line":69,"column":13}},{"start":{"line":69,"column":17},"end":{"line":69,"column":23}}],"line":69},"7":{"loc":{"start":{"line":71,"column":2},"end":{"line":74,"column":3}},"type":"if","locations":[{"start":{"line":71,"column":2},"end":{"line":74,"column":3}},{"start":{},"end":{}}],"line":71},"8":{"loc":{"start":{"line":83,"column":31},"end":{"line":83,"column":41}},"type":"default-arg","locations":[{"start":{"line":83,"column":39},"end":{"line":83,"column":41}}],"line":83},"9":{"loc":{"start":{"line":83,"column":43},"end":{"line":83,"column":54}},"type":"default-arg","locations":[{"start":{"line":83,"column":52},"end":{"line":83,"column":54}}],"line":83}},"s":{"0":2,"1":2,"2":2,"3":2,"4":2,"5":0,"6":0,"7":0,"8":0,"9":0,"10":0,"11":0,"12":0,"13":0,"14":0,"15":0,"16":0,"17":0,"18":0,"19":0,"20":0,"21":0,"22":0,"23":0,"24":0,"25":0,"26":0,"27":2,"28":0,"29":0,"30":2,"31":0,"32":2,"33":0,"34":0,"35":0,"36":0,"37":2,"38":0,"39":0,"40":0,"41":0,"42":0,"43":0,"44":0,"45":2,"46":0,"47":0,"48":0,"49":0,"50":0,"51":2},"f":{"0":0,"1":0,"2":0,"3":0,"4":0,"5":0,"6":0},"b":{"0":[2,2],"1":[0,0],"2":[0,0],"3":[0,0],"4":[0],"5":[0,0],"6":[0,0],"7":[0,0],"8":[0],"9":[0]},"_coverageSchema":"1a1c01bbd47fc00a2c39e90264f33305004495a9","hash":"e4cbc92e3e3b5b8ef87dd85e7decab12eda2bb4a"}
}
