TN:
SF:server.js
FN:32,(anonymous_0)
FN:46,(anonymous_1)
FN:49,(anonymous_2)
FN:56,(anonymous_3)
FN:70,(anonymous_4)
FN:75,(anonymous_5)
FN:86,(anonymous_6)
FN:88,(anonymous_7)
FN:93,(anonymous_8)
FNF:9
FNH:0
FNDA:0,(anonymous_0)
FNDA:0,(anonymous_1)
FNDA:0,(anonymous_2)
FNDA:0,(anonymous_3)
FNDA:0,(anonymous_4)
FNDA:0,(anonymous_5)
FNDA:0,(anonymous_6)
FNDA:0,(anonymous_7)
FNDA:0,(anonymous_8)
DA:3,2
DA:5,2
DA:6,2
DA:7,2
DA:8,2
DA:9,2
DA:12,2
DA:13,2
DA:14,2
DA:15,2
DA:18,2
DA:21,2
DA:22,2
DA:23,2
DA:26,2
DA:27,2
DA:28,2
DA:29,2
DA:32,2
DA:33,0
DA:37,2
DA:38,2
DA:46,2
DA:47,0
DA:49,0
DA:50,0
DA:51,0
DA:52,0
DA:53,0
DA:56,0
DA:57,0
DA:58,0
DA:59,0
DA:60,0
DA:61,0
DA:62,0
DA:63,0
DA:64,0
DA:66,0
DA:70,0
DA:71,0
DA:72,0
DA:75,0
DA:76,0
DA:81,2
DA:84,2
DA:85,0
DA:87,0
DA:88,0
DA:89,0
DA:90,0
DA:94,0
DA:98,2
LF:53
LH:25
BRDA:40,0,0,2
BRDA:40,0,1,2
BRDA:58,1,0,0
BRDA:58,1,1,0
BRDA:58,2,0,0
BRDA:58,2,1,0
BRDA:63,3,0,0
BRDA:63,3,1,0
BRDA:63,4,0,0
BRDA:63,4,1,0
BRDA:81,5,0,2
BRDA:81,5,1,2
BRDA:84,6,0,0
BRDA:84,6,1,2
BRF:14
BRH:5
end_of_record
TN:
SF:src/api/controllers/authController.js
FN:8,(anonymous_0)
FN:12,(anonymous_1)
FN:16,(anonymous_2)
FN:41,(anonymous_3)
FN:102,(anonymous_4)
FN:114,(anonymous_5)
FN:145,(anonymous_6)
FN:162,(anonymous_7)
FN:191,(anonymous_8)
FN:221,(anonymous_9)
FN:240,(anonymous_10)
FN:258,(anonymous_11)
FN:273,(anonymous_12)
FNF:13
FNH:4
FNDA:1,(anonymous_0)
FNDA:1,(anonymous_1)
FNDA:14,(anonymous_2)
FNDA:3,(anonymous_3)
FNDA:0,(anonymous_4)
FNDA:0,(anonymous_5)
FNDA:0,(anonymous_6)
FNDA:0,(anonymous_7)
FNDA:0,(anonymous_8)
FNDA:0,(anonymous_9)
FNDA:0,(anonymous_10)
FNDA:0,(anonymous_11)
FNDA:0,(anonymous_12)
DA:3,2
DA:4,2
DA:5,2
DA:8,2
DA:9,1
DA:12,2
DA:13,1
DA:16,2
DA:17,14
DA:18,14
DA:19,14
DA:20,14
DA:21,1
DA:23,13
DA:24,13
DA:25,13
DA:26,1
DA:29,12
DA:30,12
DA:33,12
DA:36,0
DA:37,0
DA:41,2
DA:42,3
DA:43,3
DA:45,3
DA:46,3
DA:47,3
DA:48,1
DA:51,2
DA:52,2
DA:53,1
DA:57,1
DA:60,0
DA:67,1
DA:68,1
DA:74,1
DA:82,1
DA:90,1
DA:97,0
DA:98,0
DA:102,2
DA:103,0
DA:104,0
DA:105,0
DA:107,0
DA:109,0
DA:110,0
DA:114,2
DA:115,0
DA:116,0
DA:117,0
DA:120,0
DA:121,0
DA:122,0
DA:124,0
DA:125,0
DA:128,0
DA:129,0
DA:135,0
DA:137,0
DA:138,0
DA:143,2
DA:145,2
DA:146,0
DA:147,0
DA:148,0
DA:149,0
DA:151,0
DA:152,0
DA:153,0
DA:155,0
DA:157,0
DA:158,0
DA:162,2
DA:163,0
DA:164,0
DA:166,0
DA:167,0
DA:168,0
DA:169,0
DA:172,0
DA:173,0
DA:174,0
DA:177,0
DA:178,0
DA:179,0
DA:180,0
DA:181,0
DA:182,0
DA:184,0
DA:186,0
DA:187,0
DA:191,2
DA:192,0
DA:193,0
DA:194,0
DA:195,0
DA:196,0
DA:199,0
DA:200,0
DA:201,0
DA:205,0
DA:206,0
DA:208,0
DA:209,0
DA:211,0
DA:216,0
DA:217,0
DA:221,2
DA:222,0
DA:223,0
DA:224,0
DA:225,0
DA:227,0
DA:228,0
DA:229,0
DA:230,0
DA:231,0
DA:233,0
DA:235,0
DA:236,0
DA:240,2
DA:241,0
DA:242,0
DA:243,0
DA:244,0
DA:245,0
DA:248,0
DA:249,0
DA:250,0
DA:251,0
DA:253,0
DA:254,0
DA:258,2
DA:259,0
DA:260,0
DA:261,0
DA:262,0
DA:263,0
DA:266,0
DA:267,0
DA:268,0
DA:273,0
DA:274,0
DA:276,0
DA:277,0
DA:278,0
DA:279,0
DA:281,0
DA:287,0
DA:288,0
LF:152
LH:45
BRDA:9,0,0,1
BRDA:9,0,1,1
BRDA:13,1,0,1
BRDA:13,1,1,1
BRDA:20,2,0,1
BRDA:20,2,1,13
BRDA:23,3,0,13
BRDA:23,3,1,0
BRDA:25,4,0,1
BRDA:25,4,1,12
BRDA:43,5,0,0
BRDA:43,5,1,3
BRDA:47,6,0,1
BRDA:47,6,1,2
BRDA:52,7,0,1
BRDA:52,7,1,1
BRDA:57,8,0,0
BRDA:57,8,1,1
BRDA:116,9,0,0
BRDA:116,9,1,0
BRDA:121,10,0,0
BRDA:121,10,1,0
BRDA:124,11,0,0
BRDA:124,11,1,0
BRDA:149,12,0,0
BRDA:149,12,1,0
BRDA:168,13,0,0
BRDA:168,13,1,0
BRDA:168,14,0,0
BRDA:168,14,1,0
BRDA:173,15,0,0
BRDA:173,15,1,0
BRDA:195,16,0,0
BRDA:195,16,1,0
BRDA:195,17,0,0
BRDA:195,17,1,0
BRDA:195,17,2,0
BRDA:200,18,0,0
BRDA:200,18,1,0
BRDA:225,19,0,0
BRDA:225,19,1,0
BRDA:244,20,0,0
BRDA:244,20,1,0
BRDA:244,21,0,0
BRDA:244,21,1,0
BRDA:262,22,0,0
BRDA:262,22,1,0
BRDA:262,23,0,0
BRDA:262,23,1,0
BRDA:262,23,2,0
BRDA:267,24,0,0
BRDA:267,24,1,0
BRF:52
BRH:15
end_of_record
TN:
SF:src/api/controllers/dailyChallengeController.js
FN:8,(anonymous_0)
FN:16,(anonymous_1)
FN:60,(anonymous_2)
FNF:3
FNH:0
FNDA:0,(anonymous_0)
FNDA:0,(anonymous_1)
FNDA:0,(anonymous_2)
DA:3,2
DA:4,2
DA:5,2
DA:8,2
DA:9,0
DA:10,0
DA:16,2
DA:17,0
DA:19,0
DA:20,0
DA:22,0
DA:25,0
DA:26,0
DA:33,0
DA:34,0
DA:35,0
DA:43,0
DA:52,0
DA:53,0
DA:60,2
DA:61,0
DA:62,0
DA:63,0
DA:65,0
DA:66,0
DA:68,0
DA:69,0
DA:73,0
DA:80,0
DA:81,0
DA:85,0
DA:94,0
DA:100,0
DA:106,0
DA:107,0
LF:35
LH:6
BRDA:22,0,0,0
BRDA:22,0,1,0
BRDA:34,1,0,0
BRDA:34,1,1,0
BRDA:34,2,0,0
BRDA:34,2,1,0
BRDA:68,3,0,0
BRDA:68,3,1,0
BRDA:80,4,0,0
BRDA:80,4,1,0
BRDA:90,5,0,0
BRDA:90,5,1,0
BRF:12
BRH:0
end_of_record
TN:
SF:src/api/controllers/scoreController.js
FN:8,(anonymous_0)
FN:31,(anonymous_1)
FNF:2
FNH:0
FNDA:0,(anonymous_0)
FNDA:0,(anonymous_1)
DA:3,2
DA:8,2
DA:9,0
DA:10,0
DA:12,0
DA:13,0
DA:21,0
DA:23,0
DA:24,0
DA:31,2
DA:32,0
DA:33,0
DA:35,0
DA:36,0
DA:39,0
DA:40,0
DA:54,0
DA:56,0
DA:57,0
LF:19
LH:3
BRDA:33,0,0,0
BRDA:33,0,1,0
BRDA:35,1,0,0
BRDA:35,1,1,0
BRF:4
BRH:0
end_of_record
TN:
SF:src/api/middleware/authMiddleware.js
FN:7,(anonymous_0)
FN:31,(anonymous_1)
FNF:2
FNH:1
FNDA:15,(anonymous_0)
FNDA:0,(anonymous_1)
DA:3,2
DA:7,2
DA:8,15
DA:10,0
DA:11,0
DA:14,0
DA:15,0
DA:16,0
DA:17,0
DA:21,0
DA:22,0
DA:23,0
DA:25,0
DA:31,2
DA:46,0
DA:49,2
LF:16
LH:5
BRDA:10,0,0,0
BRDA:10,0,1,0
BRDA:15,1,0,0
BRDA:15,1,1,0
BRDA:22,2,0,0
BRDA:22,2,1,0
BRF:6
BRH:0
end_of_record
TN:
SF:src/api/middleware/validators.js
FN:11,(anonymous_0)
FN:23,(anonymous_1)
FN:37,(anonymous_2)
FNF:3
FNH:2
FNDA:15,(anonymous_0)
FNDA:15,(anonymous_1)
FNDA:0,(anonymous_2)
DA:3,2
DA:5,2
DA:12,15
DA:13,15
DA:14,1
DA:16,14
DA:20,2
DA:24,15
DA:25,15
DA:26,12
DA:28,3
DA:32,2
DA:38,0
DA:39,0
DA:40,0
DA:42,0
LF:16
LH:12
BRDA:13,0,0,1
BRDA:13,0,1,14
BRDA:25,1,0,12
BRDA:25,1,1,3
BRDA:39,2,0,0
BRDA:39,2,1,0
BRF:6
BRH:4
end_of_record
TN:
SF:src/api/routes/authRoutes.js
FNF:0
FNH:0
DA:3,2
DA:4,2
DA:5,2
DA:6,2
DA:8,2
DA:13,2
DA:18,2
DA:23,2
DA:28,2
DA:35,2
DA:40,2
DA:45,2
DA:50,2
DA:55,2
DA:60,2
DA:68,2
LF:16
LH:16
BRF:0
BRH:0
end_of_record
TN:
SF:src/api/routes/dailyChallengeRoutes.js
FNF:0
FNH:0
DA:3,2
DA:4,2
DA:5,2
DA:6,2
DA:7,2
DA:12,2
DA:17,2
DA:19,2
LF:8
LH:8
BRF:0
BRH:0
end_of_record
TN:
SF:src/api/routes/roomRoutes.js
FNF:0
FNH:0
DA:3,2
DA:4,2
DA:6,2
DA:26,2
LF:4
LH:4
BRF:0
BRH:0
end_of_record
TN:
SF:src/api/routes/scoreRoutes.js
FNF:0
FNH:0
DA:3,2
DA:4,2
DA:5,2
DA:6,2
DA:7,2
DA:12,2
DA:17,2
DA:19,2
LF:8
LH:8
BRF:0
BRH:0
end_of_record
TN:
SF:src/models/dailyChallenge.js
FN:5,(anonymous_0)
FN:7,(anonymous_1)
FNF:2
FNH:2
FNDA:2,(anonymous_0)
FNDA:2,(anonymous_1)
DA:3,2
DA:5,2
DA:8,2
DA:14,2
DA:36,2
LF:5
LH:5
BRF:0
BRH:0
end_of_record
TN:
SF:src/models/dailyChallengeSubmission.js
FN:3,(anonymous_0)
FN:5,(anonymous_1)
FNF:2
FNH:2
FNDA:2,(anonymous_0)
FNDA:2,(anonymous_1)
DA:1,2
DA:3,2
DA:7,2
DA:11,2
DA:17,2
DA:55,2
LF:6
LH:6
BRF:0
BRH:0
end_of_record
TN:
SF:src/models/gameRoom.js
FN:8,(anonymous_0)
FN:10,(anonymous_1)
FNF:2
FNH:2
FNDA:2,(anonymous_0)
FNDA:2,(anonymous_1)
DA:6,2
DA:8,2
DA:11,2
DA:15,2
DA:21,2
DA:66,2
LF:6
LH:6
BRF:0
BRH:0
end_of_record
TN:
SF:src/models/index.js
FN:21,(anonymous_0)
FN:29,(anonymous_1)
FN:34,(anonymous_2)
FNF:3
FNH:3
FNDA:12,(anonymous_0)
FNDA:10,(anonymous_1)
FNDA:10,(anonymous_2)
DA:3,2
DA:4,2
DA:5,2
DA:6,2
DA:7,2
DA:8,2
DA:9,2
DA:10,2
DA:13,2
DA:14,0
DA:16,2
DA:19,2
DA:22,12
DA:30,10
DA:31,10
DA:34,2
DA:35,10
DA:36,10
DA:40,2
DA:41,2
DA:43,2
LF:21
LH:20
BRDA:8,0,0,2
BRDA:8,0,1,0
BRDA:13,1,0,0
BRDA:13,1,1,2
BRDA:23,2,0,12
BRDA:23,2,1,12
BRDA:23,2,2,10
BRDA:23,2,3,10
BRDA:35,3,0,10
BRDA:35,3,1,0
BRF:10
BRH:7
end_of_record
TN:
SF:src/models/score.js
FN:5,(anonymous_0)
FN:7,(anonymous_1)
FNF:2
FNH:2
FNDA:2,(anonymous_0)
FNDA:2,(anonymous_1)
DA:3,2
DA:5,2
DA:8,2
DA:16,2
DA:22,2
DA:58,2
LF:6
LH:6
BRF:0
BRH:0
end_of_record
TN:
SF:src/models/user.js
FN:5,(anonymous_0)
FN:7,(anonymous_1)
FN:20,(anonymous_2)
FN:46,(anonymous_3)
FN:52,(anonymous_4)
FNF:5
FNH:4
FNDA:2,(anonymous_0)
FNDA:2,(anonymous_1)
FNDA:2,(anonymous_2)
FNDA:17,(anonymous_3)
FNDA:0,(anonymous_4)
DA:2,2
DA:3,2
DA:5,2
DA:8,2
DA:12,2
DA:21,2
DA:24,2
DA:47,17
DA:48,17
DA:49,17
DA:53,0
DA:54,0
DA:55,0
DA:60,2
LF:14
LH:11
BRDA:47,0,0,17
BRDA:47,0,1,0
BRDA:53,1,0,0
BRDA:53,1,1,0
BRDA:53,2,0,0
BRDA:53,2,1,0
BRF:6
BRH:1
end_of_record
TN:
SF:src/services/TwoFactorService.js
FN:13,encrypt
FN:22,decrypt
FN:42,(anonymous_2)
FN:50,(anonymous_3)
FN:59,(anonymous_4)
FN:68,(anonymous_5)
FN:83,(anonymous_6)
FNF:7
FNH:0
FNDA:0,encrypt
FNDA:0,decrypt
FNDA:0,(anonymous_2)
FNDA:0,(anonymous_3)
FNDA:0,(anonymous_4)
FNDA:0,(anonymous_5)
FNDA:0,(anonymous_6)
DA:3,2
DA:4,2
DA:5,2
DA:10,2
DA:11,2
DA:14,0
DA:15,0
DA:16,0
DA:17,0
DA:18,0
DA:19,0
DA:23,0
DA:24,0
DA:25,0
DA:26,0
DA:27,0
DA:28,0
DA:30,0
DA:31,0
DA:32,0
DA:33,0
DA:34,0
DA:35,0
DA:37,0
DA:38,0
DA:42,2
DA:43,0
DA:44,0
DA:50,2
DA:51,0
DA:59,2
DA:60,0
DA:61,0
DA:63,0
DA:64,0
DA:68,2
DA:69,0
DA:70,0
DA:71,0
DA:72,0
DA:73,0
DA:75,0
DA:83,2
DA:84,0
DA:85,0
DA:86,0
DA:88,0
DA:91,2
LF:48
LH:11
BRDA:10,0,0,2
BRDA:10,0,1,2
BRDA:14,1,0,0
BRDA:14,1,1,0
BRDA:23,2,0,0
BRDA:23,2,1,0
BRDA:26,3,0,0
BRDA:26,3,1,0
BRDA:68,4,0,0
BRDA:69,5,0,0
BRDA:69,5,1,0
BRDA:69,6,0,0
BRDA:69,6,1,0
BRDA:71,7,0,0
BRDA:71,7,1,0
BRDA:83,8,0,0
BRDA:83,9,0,0
BRF:17
BRH:2
end_of_record
